102.05.13 07:27 B D:\Books\Applied ADO.NET\Ch02\Code\MyFirstADONetApp\AssemblyInfo.vb --> ftp.apress.com /Karen/ChandVB/FromAuthor/Ch02/Code/MyFirstADONetApp AssemblyInfo.vb
102.05.13 07:27 B D:\Books\Applied ADO.NET\Ch02\Code\MyFirstADONetApp\DataSet1.vb --> ftp.apress.com /Karen/ChandVB/FromAuthor/Ch02/Code/MyFirstADONetApp DataSet1.vb
102.05.13 07:27 B D:\Books\Applied ADO.NET\Ch02\Code\MyFirstADONetApp\DataSet1.xsd --> ftp.apress.com /Karen/ChandVB/FromAuthor/Ch02/Code/MyFirstADONetApp DataSet1.xsd
102.05.13 07:27 B D:\Books\Applied ADO.NET\Ch02\Code\MyFirstADONetApp\DataSet1.xsx --> ftp.apress.com /Karen/ChandVB/FromAuthor/Ch02/Code/MyFirstADONetApp DataSet1.xsx
102.05.13 07:27 B D:\Books\Applied ADO.NET\Ch02\Code\MyFirstADONetApp\Form1.resx --> ftp.apress.com /Karen/ChandVB/FromAuthor/Ch02/Code/MyFirstADONetApp Form1.resx
102.05.13 07:27 B D:\Books\Applied ADO.NET\Ch02\Code\MyFirstADONetApp\Form1.vb --> ftp.apress.com /Karen/ChandVB/FromAuthor/Ch02/Code/MyFirstADONetApp Form1.vb
102.05.13 07:27 B D:\Books\Applied ADO.NET\Ch02\Code\MyFirstADONetApp\MyFirstADONetApp.sln --> ftp.apress.com /Karen/ChandVB/FromAuthor/Ch02/Code/MyFirstADONetApp MyFirstADONetApp.sln
102.05.13 07:27 B D:\Books\Applied ADO.NET\Ch02\Code\MyFirstADONetApp\MyFirstADONetApp.suo --> ftp.apress.com /Karen/ChandVB/FromAuthor/Ch02/Code/MyFirstADONetApp MyFirstADONetApp.suo
102.05.13 07:27 B D:\Books\Applied ADO.NET\Ch02\Code\MyFirstADONetApp\MyFirstADONetApp.vbproj --> ftp.apress.com /Karen/ChandVB/FromAuthor/Ch02/Code/MyFirstADONetApp MyFirstADONetApp.vbproj
102.05.13 07:27 B D:\Books\Applied ADO.NET\Ch02\Code\MyFirstADONetApp\MyFirstADONetApp.vbproj.user --> ftp.apress.com /Karen/ChandVB/FromAuthor/Ch02/Code/MyFirstADONetApp MyFirstADONetApp.vbproj.user
102.06.02 14:01 B D:\Books\Applied ADO.NET\Ch02\Code\MyFirstADONetApp\AssemblyInfo.vb --> ftp.apress.com /Karen/ChandVB/FromAuthor/Ch02/Code/MyFirstADONetApp AssemblyInfo.vb
102.06.02 14:01 B D:\Books\Applied ADO.NET\Ch02\Code\MyFirstADONetApp\DataSet1.vb --> ftp.apress.com /Karen/ChandVB/FromAuthor/Ch02/Code/MyFirstADONetApp DataSet1.vb
102.06.02 14:01 B D:\Books\Applied ADO.NET\Ch02\Code\MyFirstADONetApp\DataSet1.xsd --> ftp.apress.com /Karen/ChandVB/FromAuthor/Ch02/Code/MyFirstADONetApp DataSet1.xsd
102.06.02 14:01 B D:\Books\Applied ADO.NET\Ch02\Code\MyFirstADONetApp\DataSet1.xsx --> ftp.apress.com /Karen/ChandVB/FromAuthor/Ch02/Code/MyFirstADONetApp DataSet1.xsx
102.06.02 14:01 B D:\Books\Applied ADO.NET\Ch02\Code\MyFirstADONetApp\Form1.resx --> ftp.apress.com /Karen/ChandVB/FromAuthor/Ch02/Code/MyFirstADONetApp Form1.resx
102.06.02 14:01 B D:\Books\Applied ADO.NET\Ch02\Code\MyFirstADONetApp\Form1.vb --> ftp.apress.com /Karen/ChandVB/FromAuthor/Ch02/Code/MyFirstADONetApp Form1.vb
102.06.02 14:01 B D:\Books\Applied ADO.NET\Ch02\Code\MyFirstADONetApp\MyFirstADONetApp.sln --> ftp.apress.com /Karen/ChandVB/FromAuthor/Ch02/Code/MyFirstADONetApp MyFirstADONetApp.sln
102.06.02 14:01 B D:\Books\Applied ADO.NET\Ch02\Code\MyFirstADONetApp\MyFirstADONetApp.suo --> ftp.apress.com /Karen/ChandVB/FromAuthor/Ch02/Code/MyFirstADONetApp MyFirstADONetApp.suo
102.06.02 14:01 B D:\Books\Applied ADO.NET\Ch02\Code\MyFirstADONetApp\MyFirstADONetApp.vbproj --> ftp.apress.com /Karen/ChandVB/FromAuthor/Ch02/Code/MyFirstADONetApp MyFirstADONetApp.vbproj
102.06.02 14:01 B D:\Books\Applied ADO.NET\Ch02\Code\MyFirstADONetApp\MyFirstADONetApp.vbproj.user --> ftp.apress.com /Karen/ChandVB/FromAuthor/Ch02/Code/MyFirstADONetApp MyFirstADONetApp.vbproj.user
102.06.02 14:01 B D:\Books\Applied ADO.NET\Ch02\Code\MyFirstADONetApp\WS_FTP.LOG --> ftp.apress.com /Karen/ChandVB/FromAuthor/Ch02/Code/MyFirstADONetApp WS_FTP.LOG
