102.05.13 08:33 B D:\Books\Applied ADO.NET\Ch06\Code\DataSetSchemaSamp\AssemblyInfo.vb --> ftp.apress.com /Karen/ChandVB/FromAuthor/Ch06/Code/DataSetSchemaSamp AssemblyInfo.vb
102.05.13 08:33 B D:\Books\Applied ADO.NET\Ch06\Code\DataSetSchemaSamp\DataSetSchemaSamp.sln --> ftp.apress.com /Karen/ChandVB/FromAuthor/Ch06/Code/DataSetSchemaSamp DataSetSchemaSamp.sln
102.05.13 08:33 B D:\Books\Applied ADO.NET\Ch06\Code\DataSetSchemaSamp\DataSetSchemaSamp.suo --> ftp.apress.com /Karen/ChandVB/FromAuthor/Ch06/Code/DataSetSchemaSamp DataSetSchemaSamp.suo
102.05.13 08:33 B D:\Books\Applied ADO.NET\Ch06\Code\DataSetSchemaSamp\DataSetSchemaSamp.vbproj --> ftp.apress.com /Karen/ChandVB/FromAuthor/Ch06/Code/DataSetSchemaSamp DataSetSchemaSamp.vbproj
102.05.13 08:33 B D:\Books\Applied ADO.NET\Ch06\Code\DataSetSchemaSamp\DataSetSchemaSamp.vbproj.user --> ftp.apress.com /Karen/ChandVB/FromAuthor/Ch06/Code/DataSetSchemaSamp DataSetSchemaSamp.vbproj.user
102.05.13 08:33 B D:\Books\Applied ADO.NET\Ch06\Code\DataSetSchemaSamp\Form1.resx --> ftp.apress.com /Karen/ChandVB/FromAuthor/Ch06/Code/DataSetSchemaSamp Form1.resx
102.05.13 08:33 B D:\Books\Applied ADO.NET\Ch06\Code\DataSetSchemaSamp\Form1.vb --> ftp.apress.com /Karen/ChandVB/FromAuthor/Ch06/Code/DataSetSchemaSamp Form1.vb
102.05.13 08:34 B D:\Books\Applied ADO.NET\Ch06\Code\DataSetSchemaSamp\XMLSchema1.vb --> ftp.apress.com /Karen/ChandVB/FromAuthor/Ch06/Code/DataSetSchemaSamp XMLSchema1.vb
102.05.13 08:34 B D:\Books\Applied ADO.NET\Ch06\Code\DataSetSchemaSamp\XMLSchema1.xsd --> ftp.apress.com /Karen/ChandVB/FromAuthor/Ch06/Code/DataSetSchemaSamp XMLSchema1.xsd
102.05.13 08:34 B D:\Books\Applied ADO.NET\Ch06\Code\DataSetSchemaSamp\XMLSchema1.xsx --> ftp.apress.com /Karen/ChandVB/FromAuthor/Ch06/Code/DataSetSchemaSamp XMLSchema1.xsx
102.06.02 15:23 B D:\Books\Applied ADO.NET\Ch06\Code\DataSetSchemaSamp\AssemblyInfo.vb --> ftp.apress.com /Karen/ChandVB/FromAuthor/Ch06/Code/DataSetSchemaSamp AssemblyInfo.vb
102.06.02 15:23 B D:\Books\Applied ADO.NET\Ch06\Code\DataSetSchemaSamp\DataSetSchemaSamp.sln --> ftp.apress.com /Karen/ChandVB/FromAuthor/Ch06/Code/DataSetSchemaSamp DataSetSchemaSamp.sln
102.06.02 15:23 B D:\Books\Applied ADO.NET\Ch06\Code\DataSetSchemaSamp\DataSetSchemaSamp.suo --> ftp.apress.com /Karen/ChandVB/FromAuthor/Ch06/Code/DataSetSchemaSamp DataSetSchemaSamp.suo
102.06.02 15:23 B D:\Books\Applied ADO.NET\Ch06\Code\DataSetSchemaSamp\DataSetSchemaSamp.vbproj --> ftp.apress.com /Karen/ChandVB/FromAuthor/Ch06/Code/DataSetSchemaSamp DataSetSchemaSamp.vbproj
102.06.02 15:23 B D:\Books\Applied ADO.NET\Ch06\Code\DataSetSchemaSamp\DataSetSchemaSamp.vbproj.user --> ftp.apress.com /Karen/ChandVB/FromAuthor/Ch06/Code/DataSetSchemaSamp DataSetSchemaSamp.vbproj.user
102.06.02 15:23 B D:\Books\Applied ADO.NET\Ch06\Code\DataSetSchemaSamp\Form1.resx --> ftp.apress.com /Karen/ChandVB/FromAuthor/Ch06/Code/DataSetSchemaSamp Form1.resx
102.06.02 15:23 B D:\Books\Applied ADO.NET\Ch06\Code\DataSetSchemaSamp\Form1.vb --> ftp.apress.com /Karen/ChandVB/FromAuthor/Ch06/Code/DataSetSchemaSamp Form1.vb
102.06.02 15:23 B D:\Books\Applied ADO.NET\Ch06\Code\DataSetSchemaSamp\WS_FTP.LOG --> ftp.apress.com /Karen/ChandVB/FromAuthor/Ch06/Code/DataSetSchemaSamp WS_FTP.LOG
102.06.02 15:23 B D:\Books\Applied ADO.NET\Ch06\Code\DataSetSchemaSamp\XMLSchema1.vb --> ftp.apress.com /Karen/ChandVB/FromAuthor/Ch06/Code/DataSetSchemaSamp XMLSchema1.vb
102.06.02 15:23 B D:\Books\Applied ADO.NET\Ch06\Code\DataSetSchemaSamp\XMLSchema1.xsd --> ftp.apress.com /Karen/ChandVB/FromAuthor/Ch06/Code/DataSetSchemaSamp XMLSchema1.xsd
102.06.02 15:23 B D:\Books\Applied ADO.NET\Ch06\Code\DataSetSchemaSamp\XMLSchema1.xsx --> ftp.apress.com /Karen/ChandVB/FromAuthor/Ch06/Code/DataSetSchemaSamp XMLSchema1.xsx
