102.05.13 07:22 B D:\Books\Applied ADO.NET\Ch02\Code\DataViewSamp\AssemblyInfo.vb --> ftp.apress.com /Karen/ChandVB/FromAuthor/Ch02/Code/DataViewSamp AssemblyInfo.vb
102.05.13 07:22 B D:\Books\Applied ADO.NET\Ch02\Code\DataViewSamp\DataSet1.vb --> ftp.apress.com /Karen/ChandVB/FromAuthor/Ch02/Code/DataViewSamp DataSet1.vb
102.05.13 07:22 B D:\Books\Applied ADO.NET\Ch02\Code\DataViewSamp\DataSet1.xsd --> ftp.apress.com /Karen/ChandVB/FromAuthor/Ch02/Code/DataViewSamp DataSet1.xsd
102.05.13 07:22 B D:\Books\Applied ADO.NET\Ch02\Code\DataViewSamp\DataSet1.xsx --> ftp.apress.com /Karen/ChandVB/FromAuthor/Ch02/Code/DataViewSamp DataSet1.xsx
102.05.13 07:22 B D:\Books\Applied ADO.NET\Ch02\Code\DataViewSamp\DataViewSamp.sln --> ftp.apress.com /Karen/ChandVB/FromAuthor/Ch02/Code/DataViewSamp DataViewSamp.sln
102.05.13 07:22 B D:\Books\Applied ADO.NET\Ch02\Code\DataViewSamp\DataViewSamp.suo --> ftp.apress.com /Karen/ChandVB/FromAuthor/Ch02/Code/DataViewSamp DataViewSamp.suo
102.05.13 07:22 B D:\Books\Applied ADO.NET\Ch02\Code\DataViewSamp\DataViewSamp.vbproj --> ftp.apress.com /Karen/ChandVB/FromAuthor/Ch02/Code/DataViewSamp DataViewSamp.vbproj
102.05.13 07:22 B D:\Books\Applied ADO.NET\Ch02\Code\DataViewSamp\DataViewSamp.vbproj.user --> ftp.apress.com /Karen/ChandVB/FromAuthor/Ch02/Code/DataViewSamp DataViewSamp.vbproj.user
102.05.13 07:22 B D:\Books\Applied ADO.NET\Ch02\Code\DataViewSamp\Form1.resx --> ftp.apress.com /Karen/ChandVB/FromAuthor/Ch02/Code/DataViewSamp Form1.resx
102.05.13 07:22 B D:\Books\Applied ADO.NET\Ch02\Code\DataViewSamp\Form1.vb --> ftp.apress.com /Karen/ChandVB/FromAuthor/Ch02/Code/DataViewSamp Form1.vb
102.06.02 13:55 B D:\Books\Applied ADO.NET\Ch02\Code\DataViewSamp\AssemblyInfo.vb --> ftp.apress.com /Karen/ChandVB/FromAuthor/Ch02/Code/DataViewSamp AssemblyInfo.vb
102.06.02 13:55 B D:\Books\Applied ADO.NET\Ch02\Code\DataViewSamp\DataSet1.vb --> ftp.apress.com /Karen/ChandVB/FromAuthor/Ch02/Code/DataViewSamp DataSet1.vb
102.06.02 13:55 B D:\Books\Applied ADO.NET\Ch02\Code\DataViewSamp\DataSet1.xsd --> ftp.apress.com /Karen/ChandVB/FromAuthor/Ch02/Code/DataViewSamp DataSet1.xsd
102.06.02 13:55 B D:\Books\Applied ADO.NET\Ch02\Code\DataViewSamp\DataSet1.xsx --> ftp.apress.com /Karen/ChandVB/FromAuthor/Ch02/Code/DataViewSamp DataSet1.xsx
102.06.02 13:55 B D:\Books\Applied ADO.NET\Ch02\Code\DataViewSamp\DataViewSamp.sln --> ftp.apress.com /Karen/ChandVB/FromAuthor/Ch02/Code/DataViewSamp DataViewSamp.sln
102.06.02 13:55 B D:\Books\Applied ADO.NET\Ch02\Code\DataViewSamp\DataViewSamp.suo --> ftp.apress.com /Karen/ChandVB/FromAuthor/Ch02/Code/DataViewSamp DataViewSamp.suo
102.06.02 13:55 B D:\Books\Applied ADO.NET\Ch02\Code\DataViewSamp\DataViewSamp.vbproj --> ftp.apress.com /Karen/ChandVB/FromAuthor/Ch02/Code/DataViewSamp DataViewSamp.vbproj
102.06.02 13:55 B D:\Books\Applied ADO.NET\Ch02\Code\DataViewSamp\DataViewSamp.vbproj.user --> ftp.apress.com /Karen/ChandVB/FromAuthor/Ch02/Code/DataViewSamp DataViewSamp.vbproj.user
102.06.02 13:55 B D:\Books\Applied ADO.NET\Ch02\Code\DataViewSamp\Form1.resx --> ftp.apress.com /Karen/ChandVB/FromAuthor/Ch02/Code/DataViewSamp Form1.resx
102.06.02 13:55 B D:\Books\Applied ADO.NET\Ch02\Code\DataViewSamp\Form1.vb --> ftp.apress.com /Karen/ChandVB/FromAuthor/Ch02/Code/DataViewSamp Form1.vb
102.06.02 13:55 B D:\Books\Applied ADO.NET\Ch02\Code\DataViewSamp\WS_FTP.LOG --> ftp.apress.com /Karen/ChandVB/FromAuthor/Ch02/Code/DataViewSamp WS_FTP.LOG
